Copyright 1986-2022 Xilinx, Inc. All Rights Reserved.
-------------------------------------------------------------------------------------------
| Tool Version : Vivado v.2022.1 (win64) Build 3526262 Mon Apr 18 15:48:16 MDT 2022
| Date         : Tue Aug 22 14:05:06 2023
| Host         : MBQD-WS-11 running 64-bit major release  (build 9200)
| Command      : report_control_sets -verbose -file system_wrapper_control_sets_placed.rpt
| Design       : system_wrapper
| Device       : xc7z010
-------------------------------------------------------------------------------------------

Control Set Information

Table of Contents
-----------------
1. Summary
2. Histogram
3. Flip-Flop Distribution
4. Detailed Control Set Information

1. Summary
----------

+----------------------------------------------------------+-------+
|                          Status                          | Count |
+----------------------------------------------------------+-------+
| Total control sets                                       |   126 |
|    Minimum number of control sets                        |   126 |
|    Addition due to synthesis replication                 |     0 |
|    Addition due to physical synthesis replication        |     0 |
| Unused register locations in slices containing registers |   353 |
+----------------------------------------------------------+-------+
* Control sets can be merged at opt_design using control_set_merge or merge_equivalent_drivers
** Run report_qor_suggestions for automated merging and remapping suggestions


2. Histogram
------------

+--------------------+-------+
|       Fanout       | Count |
+--------------------+-------+
| Total control sets |   126 |
| >= 0 to < 4        |     4 |
| >= 4 to < 6        |    42 |
| >= 6 to < 8        |     1 |
| >= 8 to < 10       |     2 |
| >= 10 to < 12      |     1 |
| >= 12 to < 14      |     8 |
| >= 14 to < 16      |    19 |
| >= 16              |    49 |
+--------------------+-------+
* Control sets can be remapped at either synth_design or opt_design


3. Flip-Flop Distribution
-------------------------

+--------------+-----------------------+------------------------+-----------------+--------------+
| Clock Enable | Synchronous Set/Reset | Asynchronous Set/Reset | Total Registers | Total Slices |
+--------------+-----------------------+------------------------+-----------------+--------------+
| No           | No                    | No                     |             489 |          155 |
| No           | No                    | Yes                    |               0 |            0 |
| No           | Yes                   | No                     |             656 |          189 |
| Yes          | No                    | No                     |             759 |          211 |
| Yes          | No                    | Yes                    |               0 |            0 |
| Yes          | Yes                   | No                     |             487 |          144 |
+--------------+-----------------------+------------------------+-----------------+--------------+


4. Detailed Control Set Information
-----------------------------------

+--------------------------------------------------+--------------------------------------------------------------------------------------------------------------------------------------------------------------------+-----------------------------------------------------------------------------------------------------------------------------------------------------------+------------------+----------------+--------------+
|                   Clock Signal                   |                                                                            Enable Signal                                                                           |                                                                      Set/Reset Signal                                                                     | Slice Load Count | Bel Load Count | Bels / Slice |
+--------------------------------------------------+--------------------------------------------------------------------------------------------------------------------------------------------------------------------+-----------------------------------------------------------------------------------------------------------------------------------------------------------+------------------+----------------+--------------+
|  system_i/ADC/axis_red_pitaya_adc_0/inst/adc_clk |                                                                                                                                                                    | system_i/Add_0/inst/b_data_sum_out1                                                                                                                       |                1 |              1 |         1.00 |
|  system_i/ADC/axis_red_pitaya_adc_0/inst/adc_clk | system_i/GPIOs/ps7_0_axi_periph/s00_couplers/auto_pc/inst/gen_axilite.gen_b2s_conv.axilite_b2s/WR.aw_channel_0/aw_cmd_fsm_0/FSM_sequential_state_reg[0]_1          | system_i/GPIOs/ps7_0_axi_periph/s00_couplers/auto_pc/inst/gen_axilite.gen_b2s_conv.axilite_b2s/WR.aw_channel_0/aw_cmd_fsm_0/FSM_sequential_state_reg[0]_0 |                1 |              1 |         1.00 |
|  system_i/ADC/axis_red_pitaya_adc_0/inst/adc_clk |                                                                                                                                                                    | system_i/Add_0/inst/a_data_sum_out1                                                                                                                       |                1 |              1 |         1.00 |
|  system_i/ADC/axis_red_pitaya_adc_0/inst/adc_clk | system_i/GPIOs/ps7_0_axi_periph/s00_couplers/auto_pc/inst/gen_axilite.gen_b2s_conv.axilite_b2s/WR.b_channel_0/bid_fifo_0/sel                                       |                                                                                                                                                           |                1 |              2 |         2.00 |
|  system_i/ADC/axis_red_pitaya_adc_0/inst/adc_clk |                                                                                                                                                                    | system_i/GPIOs/axi_gpio_0/U0/AXI_LITE_IPIF_I/I_SLAVE_ATTACHMENT/clear                                                                                     |                1 |              4 |         4.00 |
|  system_i/ADC/axis_red_pitaya_adc_0/inst/adc_clk |                                                                                                                                                                    | system_i/GPIOs/axi_gpio_10/U0/AXI_LITE_IPIF_I/I_SLAVE_ATTACHMENT/clear                                                                                    |                1 |              4 |         4.00 |
|  system_i/ADC/axis_red_pitaya_adc_0/inst/adc_clk | system_i/GPIOs/axi_gpio_8/U0/AXI_LITE_IPIF_I/I_SLAVE_ATTACHMENT/bus2ip_addr_i[8]_i_1_n_0                                                                           | system_i/GPIOs/axi_gpio_8/U0/AXI_LITE_IPIF_I/I_SLAVE_ATTACHMENT/SS[0]                                                                                     |                1 |              4 |         4.00 |
|  system_i/ADC/axis_red_pitaya_adc_0/inst/adc_clk |                                                                                                                                                                    | system_i/GPIOs/axi_gpio_11/U0/AXI_LITE_IPIF_I/I_SLAVE_ATTACHMENT/clear                                                                                    |                1 |              4 |         4.00 |
|  system_i/ADC/axis_red_pitaya_adc_0/inst/adc_clk | system_i/GPIOs/axi_gpio_5/U0/AXI_LITE_IPIF_I/I_SLAVE_ATTACHMENT/start2                                                                                             | system_i/GPIOs/axi_gpio_5/U0/AXI_LITE_IPIF_I/I_SLAVE_ATTACHMENT/I_DECODER/cs_ce_clr                                                                       |                1 |              4 |         4.00 |
|  system_i/ADC/axis_red_pitaya_adc_0/inst/adc_clk | system_i/GPIOs/axi_gpio_3/U0/AXI_LITE_IPIF_I/I_SLAVE_ATTACHMENT/start2                                                                                             | system_i/GPIOs/axi_gpio_3/U0/AXI_LITE_IPIF_I/I_SLAVE_ATTACHMENT/I_DECODER/cs_ce_clr                                                                       |                1 |              4 |         4.00 |
|  system_i/ADC/axis_red_pitaya_adc_0/inst/adc_clk | system_i/GPIOs/axi_gpio_8/U0/AXI_LITE_IPIF_I/I_SLAVE_ATTACHMENT/start2                                                                                             | system_i/GPIOs/axi_gpio_8/U0/AXI_LITE_IPIF_I/I_SLAVE_ATTACHMENT/I_DECODER/cs_ce_clr                                                                       |                2 |              4 |         2.00 |
|  system_i/ADC/axis_red_pitaya_adc_0/inst/adc_clk |                                                                                                                                                                    | system_i/GPIOs/axi_gpio_4/U0/AXI_LITE_IPIF_I/I_SLAVE_ATTACHMENT/clear                                                                                     |                1 |              4 |         4.00 |
|  system_i/ADC/axis_red_pitaya_adc_0/inst/adc_clk | system_i/GPIOs/axi_gpio_3/U0/AXI_LITE_IPIF_I/I_SLAVE_ATTACHMENT/bus2ip_addr_i[8]_i_1_n_0                                                                           | system_i/GPIOs/axi_gpio_3/U0/AXI_LITE_IPIF_I/I_SLAVE_ATTACHMENT/SR[0]                                                                                     |                1 |              4 |         4.00 |
|  system_i/ADC/axis_red_pitaya_adc_0/inst/adc_clk |                                                                                                                                                                    | system_i/GPIOs/axi_gpio_7/U0/AXI_LITE_IPIF_I/I_SLAVE_ATTACHMENT/clear                                                                                     |                1 |              4 |         4.00 |
|  system_i/ADC/axis_red_pitaya_adc_0/inst/adc_clk |                                                                                                                                                                    | system_i/GPIOs/axi_gpio_1/U0/AXI_LITE_IPIF_I/I_SLAVE_ATTACHMENT/clear                                                                                     |                1 |              4 |         4.00 |
|  system_i/ADC/axis_red_pitaya_adc_0/inst/adc_clk | system_i/GPIOs/axi_gpio_10/U0/AXI_LITE_IPIF_I/I_SLAVE_ATTACHMENT/bus2ip_addr_i[8]_i_1_n_0                                                                          | system_i/GPIOs/axi_gpio_10/U0/AXI_LITE_IPIF_I/I_SLAVE_ATTACHMENT/SS[0]                                                                                    |                1 |              4 |         4.00 |
|  system_i/ADC/axis_red_pitaya_adc_0/inst/adc_clk | system_i/GPIOs/axi_gpio_5/U0/AXI_LITE_IPIF_I/I_SLAVE_ATTACHMENT/bus2ip_addr_i[8]_i_1_n_0                                                                           | system_i/GPIOs/axi_gpio_5/U0/AXI_LITE_IPIF_I/I_SLAVE_ATTACHMENT/SR[0]                                                                                     |                1 |              4 |         4.00 |
|  system_i/ADC/axis_red_pitaya_adc_0/inst/adc_clk | system_i/GPIOs/axi_gpio_10/U0/AXI_LITE_IPIF_I/I_SLAVE_ATTACHMENT/start2                                                                                            | system_i/GPIOs/axi_gpio_10/U0/AXI_LITE_IPIF_I/I_SLAVE_ATTACHMENT/I_DECODER/cs_ce_clr                                                                      |                1 |              4 |         4.00 |
|  system_i/ADC/axis_red_pitaya_adc_0/inst/adc_clk | system_i/GPIOs/axi_gpio_7/U0/AXI_LITE_IPIF_I/I_SLAVE_ATTACHMENT/bus2ip_addr_i[8]_i_1_n_0                                                                           | system_i/GPIOs/axi_gpio_7/U0/AXI_LITE_IPIF_I/I_SLAVE_ATTACHMENT/SR[0]                                                                                     |                1 |              4 |         4.00 |
|  system_i/ADC/axis_red_pitaya_adc_0/inst/adc_clk | system_i/GPIOs/ps7_0_axi_periph/s00_couplers/auto_pc/inst/gen_axilite.gen_b2s_conv.axilite_b2s/RD.ar_channel_0/ar_cmd_fsm_0/m_axi_arready_2                        | system_i/GPIOs/ps7_0_axi_periph/s00_couplers/auto_pc/inst/gen_axilite.gen_b2s_conv.axilite_b2s/RD.ar_channel_0/ar_cmd_fsm_0/FSM_sequential_state_reg[1]_0 |                2 |              4 |         2.00 |
|  system_i/ADC/axis_red_pitaya_adc_0/inst/adc_clk | system_i/GPIOs/axi_gpio_2/U0/AXI_LITE_IPIF_I/I_SLAVE_ATTACHMENT/start2                                                                                             | system_i/GPIOs/axi_gpio_2/U0/AXI_LITE_IPIF_I/I_SLAVE_ATTACHMENT/I_DECODER/cs_ce_clr                                                                       |                1 |              4 |         4.00 |
|  system_i/ADC/axis_red_pitaya_adc_0/inst/adc_clk |                                                                                                                                                                    | system_i/GPIOs/axi_gpio_2/U0/AXI_LITE_IPIF_I/I_SLAVE_ATTACHMENT/clear                                                                                     |                1 |              4 |         4.00 |
|  system_i/ADC/axis_red_pitaya_adc_0/inst/adc_clk | system_i/GPIOs/axi_gpio_0/U0/AXI_LITE_IPIF_I/I_SLAVE_ATTACHMENT/bus2ip_addr_i[8]_i_1_n_0                                                                           | system_i/GPIOs/axi_gpio_0/U0/AXI_LITE_IPIF_I/I_SLAVE_ATTACHMENT/SR[0]                                                                                     |                1 |              4 |         4.00 |
|  system_i/ADC/axis_red_pitaya_adc_0/inst/adc_clk | system_i/GPIOs/axi_gpio_0/U0/AXI_LITE_IPIF_I/I_SLAVE_ATTACHMENT/start2                                                                                             | system_i/GPIOs/axi_gpio_0/U0/AXI_LITE_IPIF_I/I_SLAVE_ATTACHMENT/I_DECODER/cs_ce_clr                                                                       |                1 |              4 |         4.00 |
|  system_i/ADC/axis_red_pitaya_adc_0/inst/adc_clk | system_i/GPIOs/axi_gpio_2/U0/AXI_LITE_IPIF_I/I_SLAVE_ATTACHMENT/bus2ip_addr_i[8]_i_1_n_0                                                                           | system_i/GPIOs/axi_gpio_2/U0/AXI_LITE_IPIF_I/I_SLAVE_ATTACHMENT/SS[0]                                                                                     |                1 |              4 |         4.00 |
|  system_i/ADC/axis_red_pitaya_adc_0/inst/adc_clk | system_i/GPIOs/axi_gpio_1/U0/AXI_LITE_IPIF_I/I_SLAVE_ATTACHMENT/start2                                                                                             | system_i/GPIOs/axi_gpio_1/U0/AXI_LITE_IPIF_I/I_SLAVE_ATTACHMENT/I_DECODER/cs_ce_clr                                                                       |                1 |              4 |         4.00 |
|  system_i/ADC/axis_red_pitaya_adc_0/inst/adc_clk |                                                                                                                                                                    | system_i/GPIOs/axi_gpio_3/U0/AXI_LITE_IPIF_I/I_SLAVE_ATTACHMENT/clear                                                                                     |                1 |              4 |         4.00 |
|  system_i/ADC/axis_red_pitaya_adc_0/inst/adc_clk | system_i/GPIOs/axi_gpio_11/U0/AXI_LITE_IPIF_I/I_SLAVE_ATTACHMENT/bus2ip_addr_i[8]_i_1_n_0                                                                          | system_i/GPIOs/axi_gpio_11/U0/AXI_LITE_IPIF_I/I_SLAVE_ATTACHMENT/SS[0]                                                                                    |                1 |              4 |         4.00 |
|  system_i/ADC/axis_red_pitaya_adc_0/inst/adc_clk |                                                                                                                                                                    | system_i/rst_ps7_0_50M/U0/EXT_LPF/lpf_int                                                                                                                 |                3 |              4 |         1.33 |
|  system_i/ADC/axis_red_pitaya_adc_0/inst/adc_clk |                                                                                                                                                                    | system_i/GPIOs/ps7_0_axi_periph/s00_couplers/auto_pc/inst/gen_axilite.gen_b2s_conv.axilite_b2s/SI_REG/aw.aw_pipe/aresetn_d_reg[0]_0                       |                2 |              4 |         2.00 |
|  system_i/ADC/axis_red_pitaya_adc_0/inst/adc_clk | system_i/GPIOs/axi_gpio_11/U0/AXI_LITE_IPIF_I/I_SLAVE_ATTACHMENT/start2                                                                                            | system_i/GPIOs/axi_gpio_11/U0/AXI_LITE_IPIF_I/I_SLAVE_ATTACHMENT/I_DECODER/cs_ce_clr                                                                      |                2 |              4 |         2.00 |
|  system_i/ADC/axis_red_pitaya_adc_0/inst/adc_clk |                                                                                                                                                                    | system_i/GPIOs/axi_gpio_5/U0/AXI_LITE_IPIF_I/I_SLAVE_ATTACHMENT/clear                                                                                     |                1 |              4 |         4.00 |
|  system_i/ADC/axis_red_pitaya_adc_0/inst/adc_clk | system_i/GPIOs/axi_gpio_4/U0/AXI_LITE_IPIF_I/I_SLAVE_ATTACHMENT/bus2ip_addr_i[8]_i_1_n_0                                                                           | system_i/GPIOs/axi_gpio_4/U0/AXI_LITE_IPIF_I/I_SLAVE_ATTACHMENT/SR[0]                                                                                     |                1 |              4 |         4.00 |
|  system_i/ADC/axis_red_pitaya_adc_0/inst/adc_clk | system_i/GPIOs/axi_gpio_4/U0/AXI_LITE_IPIF_I/I_SLAVE_ATTACHMENT/start2                                                                                             | system_i/GPIOs/axi_gpio_4/U0/AXI_LITE_IPIF_I/I_SLAVE_ATTACHMENT/I_DECODER/cs_ce_clr                                                                       |                1 |              4 |         4.00 |
|  system_i/ADC/axis_red_pitaya_adc_0/inst/adc_clk |                                                                                                                                                                    | system_i/GPIOs/axi_gpio_6/U0/AXI_LITE_IPIF_I/I_SLAVE_ATTACHMENT/clear                                                                                     |                1 |              4 |         4.00 |
|  system_i/ADC/axis_red_pitaya_adc_0/inst/adc_clk | system_i/GPIOs/axi_gpio_1/U0/AXI_LITE_IPIF_I/I_SLAVE_ATTACHMENT/bus2ip_addr_i[8]_i_1_n_0                                                                           | system_i/GPIOs/axi_gpio_1/U0/AXI_LITE_IPIF_I/I_SLAVE_ATTACHMENT/SR[0]                                                                                     |                1 |              4 |         4.00 |
|  system_i/ADC/axis_red_pitaya_adc_0/inst/adc_clk |                                                                                                                                                                    | system_i/GPIOs/axi_gpio_9/U0/AXI_LITE_IPIF_I/I_SLAVE_ATTACHMENT/clear                                                                                     |                1 |              4 |         4.00 |
|  system_i/ADC/axis_red_pitaya_adc_0/inst/adc_clk |                                                                                                                                                                    | system_i/GPIOs/axi_gpio_8/U0/AXI_LITE_IPIF_I/I_SLAVE_ATTACHMENT/clear                                                                                     |                1 |              4 |         4.00 |
|  system_i/ADC/axis_red_pitaya_adc_0/inst/adc_clk | system_i/GPIOs/axi_gpio_7/U0/AXI_LITE_IPIF_I/I_SLAVE_ATTACHMENT/start2                                                                                             | system_i/GPIOs/axi_gpio_7/U0/AXI_LITE_IPIF_I/I_SLAVE_ATTACHMENT/I_DECODER/cs_ce_clr                                                                       |                1 |              4 |         4.00 |
|  system_i/ADC/axis_red_pitaya_adc_0/inst/adc_clk |                                                                                                                                                                    | system_i/GPIOs/ps7_0_axi_periph/s00_couplers/auto_pc/inst/gen_axilite.gen_b2s_conv.axilite_b2s/SI_REG/ar.ar_pipe/aresetn_d_reg[1]_inv_0                   |                1 |              4 |         4.00 |
|  system_i/ADC/axis_red_pitaya_adc_0/inst/adc_clk | system_i/GPIOs/axi_gpio_6/U0/AXI_LITE_IPIF_I/I_SLAVE_ATTACHMENT/bus2ip_addr_i[8]_i_1_n_0                                                                           | system_i/GPIOs/axi_gpio_6/U0/AXI_LITE_IPIF_I/I_SLAVE_ATTACHMENT/SR[0]                                                                                     |                1 |              4 |         4.00 |
|  system_i/ADC/axis_red_pitaya_adc_0/inst/adc_clk | system_i/GPIOs/axi_gpio_6/U0/AXI_LITE_IPIF_I/I_SLAVE_ATTACHMENT/start2                                                                                             | system_i/GPIOs/axi_gpio_6/U0/AXI_LITE_IPIF_I/I_SLAVE_ATTACHMENT/I_DECODER/cs_ce_clr                                                                       |                2 |              4 |         2.00 |
|  system_i/ADC/axis_red_pitaya_adc_0/inst/adc_clk | system_i/GPIOs/axi_gpio_9/U0/AXI_LITE_IPIF_I/I_SLAVE_ATTACHMENT/bus2ip_addr_i[8]_i_1_n_0                                                                           | system_i/GPIOs/axi_gpio_9/U0/AXI_LITE_IPIF_I/I_SLAVE_ATTACHMENT/SS[0]                                                                                     |                1 |              4 |         4.00 |
|  system_i/ADC/axis_red_pitaya_adc_0/inst/adc_clk | system_i/GPIOs/axi_gpio_9/U0/AXI_LITE_IPIF_I/I_SLAVE_ATTACHMENT/start2                                                                                             | system_i/GPIOs/axi_gpio_9/U0/AXI_LITE_IPIF_I/I_SLAVE_ATTACHMENT/I_DECODER/cs_ce_clr                                                                       |                1 |              4 |         4.00 |
|  system_i/ADC/axis_red_pitaya_adc_0/inst/adc_clk | system_i/GPIOs/ps7_0_axi_periph/s00_couplers/auto_pc/inst/gen_axilite.gen_b2s_conv.axilite_b2s/RD.r_channel_0/rd_data_fifo_0/cnt_read[4]_i_1__0_n_0                | system_i/GPIOs/ps7_0_axi_periph/s00_couplers/auto_pc/inst/gen_axilite.gen_b2s_conv.axilite_b2s/areset_d1                                                  |                2 |              5 |         2.50 |
|  system_i/ADC/axis_red_pitaya_adc_0/inst/adc_clk | system_i/GPIOs/ps7_0_axi_periph/s00_couplers/auto_pc/inst/gen_axilite.gen_b2s_conv.axilite_b2s/RD.r_channel_0/transaction_fifo_0/cnt_read[4]_i_1_n_0               | system_i/GPIOs/ps7_0_axi_periph/s00_couplers/auto_pc/inst/gen_axilite.gen_b2s_conv.axilite_b2s/areset_d1                                                  |                2 |              5 |         2.50 |
|  system_i/ADC/axis_red_pitaya_adc_0/inst/adc_clk | system_i/rst_ps7_0_50M/U0/SEQ/seq_cnt_en                                                                                                                           | system_i/rst_ps7_0_50M/U0/SEQ/SEQ_COUNTER/clear                                                                                                           |                1 |              6 |         6.00 |
|  system_i/ADC/axis_red_pitaya_adc_0/inst/adc_clk | system_i/LED_Contoller_0/inst/LED_output[7]_i_2_n_0                                                                                                                | system_i/LED_Contoller_0/inst/LED_output[7]_i_1_n_0                                                                                                       |                2 |              8 |         4.00 |
|  system_i/ADC/axis_red_pitaya_adc_0/inst/adc_clk | system_i/GPIOs/ps7_0_axi_periph/s00_couplers/auto_pc/inst/gen_axilite.gen_b2s_conv.axilite_b2s/WR.b_channel_0/mhandshake_r                                         | system_i/GPIOs/ps7_0_axi_periph/s00_couplers/auto_pc/inst/gen_axilite.gen_b2s_conv.axilite_b2s/WR.b_channel_0/bid_fifo_0/SR[0]                            |                2 |              8 |         4.00 |
|  system_i/ADC/axis_red_pitaya_adc_0/inst/adc_clk |                                                                                                                                                                    | system_i/GPIOs/ps7_0_axi_periph/s00_couplers/auto_pc/inst/gen_axilite.gen_b2s_conv.axilite_b2s/areset_d1                                                  |                5 |             10 |         2.00 |
|  system_i/ADC/axis_red_pitaya_adc_0/inst/adc_clk | system_i/GPIOs/ps7_0_axi_periph/s00_couplers/auto_pc/inst/gen_axilite.gen_b2s_conv.axilite_b2s/RD.ar_channel_0/ar_cmd_fsm_0/E[0]                                   |                                                                                                                                                           |                6 |             12 |         2.00 |
|  system_i/ADC/axis_red_pitaya_adc_0/inst/adc_clk | system_i/GPIOs/ps7_0_axi_periph/s00_couplers/auto_pc/inst/gen_axilite.gen_b2s_conv.axilite_b2s/RD.ar_channel_0/ar_cmd_fsm_0/sel_first_reg[0]                       |                                                                                                                                                           |                2 |             12 |         6.00 |
|  system_i/ADC/axis_red_pitaya_adc_0/inst/adc_clk | system_i/GPIOs/ps7_0_axi_periph/s00_couplers/auto_pc/inst/gen_axilite.gen_b2s_conv.axilite_b2s/WR.aw_channel_0/aw_cmd_fsm_0/m_valid_i_reg[0]                       |                                                                                                                                                           |                5 |             12 |         2.40 |
|  system_i/ADC/axis_red_pitaya_adc_0/inst/adc_clk | system_i/GPIOs/ps7_0_axi_periph/s00_couplers/auto_pc/inst/gen_axilite.gen_b2s_conv.axilite_b2s/WR.aw_channel_0/cmd_translator_0/incr_cmd_0/axaddr_incr[11]_i_1_n_0 |                                                                                                                                                           |                2 |             12 |         6.00 |
|  system_i/ADC/axis_red_pitaya_adc_0/inst/adc_clk | system_i/GPIOs/ps7_0_axi_periph/s00_couplers/auto_pc/inst/gen_axilite.gen_b2s_conv.axilite_b2s/RD.r_channel_0/r_push_r                                             |                                                                                                                                                           |                4 |             13 |         3.25 |
|  system_i/ADC/axis_red_pitaya_adc_0/inst/adc_clk |                                                                                                                                                                    | system_i/PI_ctrl_0/inst/out210_in                                                                                                                         |                3 |             13 |         4.33 |
|  system_i/ADC/axis_red_pitaya_adc_0/inst/adc_clk | system_i/PI_ctrl_0/inst/Kd                                                                                                                                         |                                                                                                                                                           |                7 |             13 |         1.86 |
|  system_i/ADC/axis_red_pitaya_adc_0/inst/adc_clk |                                                                                                                                                                    | system_i/PI_ctrl_0/inst/out110_in                                                                                                                         |                2 |             13 |         6.50 |
|  system_i/ADC/axis_red_pitaya_adc_0/inst/adc_clk | system_i/PI_ctrl_0/inst/gain2                                                                                                                                      |                                                                                                                                                           |                3 |             14 |         4.67 |
|  system_i/ADC/axis_red_pitaya_adc_0/inst/adc_clk | system_i/Hivemind_0/inst/lp_exp_a_reg[13]_i_1_n_0                                                                                                                  |                                                                                                                                                           |                4 |             14 |         3.50 |
|  system_i/ADC/axis_red_pitaya_adc_0/inst/adc_clk | system_i/Hivemind_0/inst/lp_RC_a_reg[13]_i_1_n_0                                                                                                                   |                                                                                                                                                           |                5 |             14 |         2.80 |
|  system_i/ADC/axis_red_pitaya_adc_0/inst/adc_clk | system_i/Ramp_0/inst/counter[0]_i_1_n_0                                                                                                                            | system_i/Ramp_0/inst/ramp_voltage[13]_i_2_n_0                                                                                                             |                4 |             14 |         3.50 |
|  system_i/ADC/axis_red_pitaya_adc_0/inst/adc_clk | system_i/Ramp_0/inst/ramp_voltage[13]_i_2_n_0                                                                                                                      | system_i/Ramp_0/inst/ramp_voltage[13]_i_1_n_0                                                                                                             |               10 |             14 |         1.40 |
|  system_i/ADC/axis_red_pitaya_adc_0/inst/adc_clk | system_i/Input_Processing/scale_0/inst/offset1[30]_i_1_n_0                                                                                                         | system_i/Input_Processing/scale_0/inst/lower_bound1[12]_i_2_n_0                                                                                           |                4 |             14 |         3.50 |
|  system_i/ADC/axis_red_pitaya_adc_0/inst/adc_clk | system_i/GPIOs/axi_gpio_1/U0/gpio_core_1/gpio_io_o[14]                                                                                                             |                                                                                                                                                           |                4 |             14 |         3.50 |
|  system_i/ADC/axis_red_pitaya_adc_0/inst/adc_clk | system_i/Scan_0/inst/max_a[14]_i_1_n_0                                                                                                                             | system_i/Hivemind_0/inst/reset_min_max                                                                                                                    |                4 |             14 |         3.50 |
|  system_i/ADC/axis_red_pitaya_adc_0/inst/adc_clk | system_i/GPIOs/ps7_0_axi_periph/s00_couplers/auto_pc/inst/gen_axilite.gen_b2s_conv.axilite_b2s/SI_REG/b.b_pipe/s_ready_i_reg_0                                     |                                                                                                                                                           |                3 |             14 |         4.67 |
|  system_i/ADC/axis_red_pitaya_adc_0/inst/adc_clk | system_i/GPIOs/ps7_0_axi_periph/s00_couplers/auto_pc/inst/gen_axilite.gen_b2s_conv.axilite_b2s/SI_REG/b.b_pipe/p_1_in                                              |                                                                                                                                                           |                4 |             14 |         3.50 |
|  system_i/ADC/axis_red_pitaya_adc_0/inst/adc_clk | system_i/GPIOs/axi_gpio_5/U0/gpio_core_1/gpio_io_o[14]                                                                                                             |                                                                                                                                                           |                4 |             14 |         3.50 |
|  system_i/ADC/axis_red_pitaya_adc_0/inst/adc_clk | system_i/Scan_0/inst/min_a[14]_i_1_n_0                                                                                                                             | system_i/Hivemind_0/inst/reset_min_max                                                                                                                    |                4 |             14 |         3.50 |
|  system_i/ADC/axis_red_pitaya_adc_0/inst/adc_clk | system_i/Hivemind_0/inst/p_0_in                                                                                                                                    |                                                                                                                                                           |                6 |             14 |         2.33 |
|  system_i/ADC/axis_red_pitaya_adc_0/inst/adc_clk | system_i/PI_ctrl_0/inst/gain1                                                                                                                                      |                                                                                                                                                           |                4 |             14 |         3.50 |
|  system_i/ADC/axis_red_pitaya_adc_0/inst/adc_clk | system_i/Input_Processing/scale_0/inst/gain1[31]_i_1_n_0                                                                                                           | system_i/Input_Processing/scale_0/inst/lower_bound1[12]_i_2_n_0                                                                                           |                7 |             14 |         2.00 |
|  system_i/ADC/axis_red_pitaya_adc_0/inst/adc_clk | system_i/GPIOs/axi_gpio_1/U0/AXI_LITE_IPIF_I/I_SLAVE_ATTACHMENT/I_DECODER/E[0]                                                                                     | system_i/GPIOs/axi_gpio_1/U0/AXI_LITE_IPIF_I/I_SLAVE_ATTACHMENT/SR[0]                                                                                     |                4 |             15 |         3.75 |
|  system_i/ADC/axis_red_pitaya_adc_0/inst/adc_clk |                                                                                                                                                                    | system_i/GPIOs/axi_gpio_5/U0/gpio_core_1/Read_Reg_Rst__0                                                                                                  |                2 |             15 |         7.50 |
|  system_i/ADC/axis_red_pitaya_adc_0/inst/adc_clk | system_i/GPIOs/axi_gpio_5/U0/AXI_LITE_IPIF_I/I_SLAVE_ATTACHMENT/I_DECODER/E[0]                                                                                     | system_i/GPIOs/axi_gpio_5/U0/AXI_LITE_IPIF_I/I_SLAVE_ATTACHMENT/SR[0]                                                                                     |                4 |             15 |         3.75 |
|  system_i/ADC/axis_red_pitaya_adc_0/inst/adc_clk |                                                                                                                                                                    | system_i/GPIOs/axi_gpio_1/U0/gpio_core_1/Read_Reg_Rst__0                                                                                                  |                3 |             15 |         5.00 |
|  system_i/ADC/axis_red_pitaya_adc_0/inst/adc_clk |                                                                                                                                                                    | system_i/GPIOs/axi_gpio_7/U0/gpio_core_1/Read_Reg_Rst__0                                                                                                  |                2 |             16 |         8.00 |
|  system_i/ADC/axis_red_pitaya_adc_0/inst/adc_clk | system_i/GPIOs/axi_gpio_1/U0/AXI_LITE_IPIF_I/I_SLAVE_ATTACHMENT/s_axi_rresp_i                                                                                      | system_i/GPIOs/axi_gpio_1/U0/AXI_LITE_IPIF_I/I_SLAVE_ATTACHMENT/SR[0]                                                                                     |                5 |             16 |         3.20 |
|  system_i/ADC/axis_red_pitaya_adc_0/inst/adc_clk | system_i/GPIOs/axi_gpio_7/U0/AXI_LITE_IPIF_I/I_SLAVE_ATTACHMENT/I_DECODER/E[0]                                                                                     | system_i/GPIOs/axi_gpio_7/U0/AXI_LITE_IPIF_I/I_SLAVE_ATTACHMENT/SR[0]                                                                                     |                4 |             16 |         4.00 |
|  system_i/ADC/axis_red_pitaya_adc_0/inst/adc_clk | system_i/GPIOs/ps7_0_axi_periph/xbar/inst/gen_sasd.crossbar_sasd_0/reg_slice_r/aa_rready                                                                           |                                                                                                                                                           |                5 |             16 |         3.20 |
|  system_i/ADC/axis_red_pitaya_adc_0/inst/adc_clk | system_i/GPIOs/ps7_0_axi_periph/s00_couplers/auto_pc/inst/gen_axilite.gen_b2s_conv.axilite_b2s/WR.aw_channel_0/aw_cmd_fsm_0/m_axi_awready_0                        |                                                                                                                                                           |                3 |             16 |         5.33 |
|  system_i/ADC/axis_red_pitaya_adc_0/inst/adc_clk | system_i/GPIOs/axi_gpio_5/U0/AXI_LITE_IPIF_I/I_SLAVE_ATTACHMENT/s_axi_rresp_i                                                                                      | system_i/GPIOs/axi_gpio_5/U0/AXI_LITE_IPIF_I/I_SLAVE_ATTACHMENT/SR[0]                                                                                     |                6 |             16 |         2.67 |
|  system_i/ADC/axis_red_pitaya_adc_0/inst/adc_clk | system_i/GPIOs/axi_gpio_7/U0/AXI_LITE_IPIF_I/I_SLAVE_ATTACHMENT/s_axi_rresp_i                                                                                      | system_i/GPIOs/axi_gpio_7/U0/AXI_LITE_IPIF_I/I_SLAVE_ATTACHMENT/SR[0]                                                                                     |                3 |             17 |         5.67 |
|  system_i/ADC/axis_red_pitaya_adc_0/inst/adc_clk | system_i/GPIOs/ps7_0_axi_periph/xbar/inst/gen_sasd.crossbar_sasd_0/addr_arbiter_inst/p_0_in1_in                                                                    | system_i/GPIOs/ps7_0_axi_periph/xbar/inst/gen_sasd.crossbar_sasd_0/addr_arbiter_inst/SR[0]                                                                |                6 |             19 |         3.17 |
|  system_i/ADC/axis_red_pitaya_adc_0/inst/adc_clk | system_i/PI_ctrl_0/inst/Ki                                                                                                                                         |                                                                                                                                                           |                9 |             20 |         2.22 |
|  system_i/ADC/axis_red_pitaya_adc_0/inst/adc_clk |                                                                                                                                                                    | system_i/GPIOs/axi_gpio_2/U0/AXI_LITE_IPIF_I/I_SLAVE_ATTACHMENT/SS[0]                                                                                     |                5 |             20 |         4.00 |
|  system_i/ADC/axis_red_pitaya_adc_0/inst/adc_clk | system_i/PI_ctrl_0/inst/Kp                                                                                                                                         |                                                                                                                                                           |               11 |             20 |         1.82 |
|  system_i/ADC/axis_red_pitaya_adc_0/inst/adc_clk |                                                                                                                                                                    | system_i/GPIOs/axi_gpio_8/U0/AXI_LITE_IPIF_I/I_SLAVE_ATTACHMENT/SS[0]                                                                                     |                5 |             20 |         4.00 |
|  system_i/ADC/axis_red_pitaya_adc_0/inst/adc_clk |                                                                                                                                                                    | system_i/GPIOs/axi_gpio_11/U0/AXI_LITE_IPIF_I/I_SLAVE_ATTACHMENT/SS[0]                                                                                    |                6 |             20 |         3.33 |
|  system_i/ADC/axis_red_pitaya_adc_0/inst/adc_clk |                                                                                                                                                                    | system_i/GPIOs/axi_gpio_10/U0/AXI_LITE_IPIF_I/I_SLAVE_ATTACHMENT/SS[0]                                                                                    |                7 |             20 |         2.86 |
|  system_i/ADC/axis_red_pitaya_adc_0/inst/adc_clk |                                                                                                                                                                    | system_i/GPIOs/ps7_0_axi_periph/xbar/inst/gen_sasd.crossbar_sasd_0/addr_arbiter_inst/SR[0]                                                                |                6 |             20 |         3.33 |
|  system_i/ADC/axis_red_pitaya_adc_0/inst/adc_clk |                                                                                                                                                                    | system_i/GPIOs/axi_gpio_9/U0/AXI_LITE_IPIF_I/I_SLAVE_ATTACHMENT/SS[0]                                                                                     |                7 |             20 |         2.86 |
|  system_i/ADC/axis_red_pitaya_adc_0/inst/adc_clk | system_i/GPIOs/ps7_0_axi_periph/s00_couplers/auto_pc/inst/gen_axilite.gen_b2s_conv.axilite_b2s/RD.ar_channel_0/ar_cmd_fsm_0/m_axi_arready_2                        |                                                                                                                                                           |                7 |             21 |         3.00 |
|  system_i/ADC/axis_red_pitaya_adc_0/inst/adc_clk |                                                                                                                                                                    | system_i/GPIOs/axi_gpio_0/U0/AXI_LITE_IPIF_I/I_SLAVE_ATTACHMENT/SR[0]                                                                                     |                8 |             23 |         2.88 |
|  system_i/ADC/axis_red_pitaya_adc_0/inst/adc_clk |                                                                                                                                                                    | system_i/GPIOs/axi_gpio_3/U0/AXI_LITE_IPIF_I/I_SLAVE_ATTACHMENT/SR[0]                                                                                     |                5 |             23 |         4.60 |
|  system_i/ADC/axis_red_pitaya_adc_0/inst/adc_clk | system_i/GPIOs/ps7_0_axi_periph/s00_couplers/auto_pc/inst/gen_axilite.gen_b2s_conv.axilite_b2s/WR.aw_channel_0/aw_cmd_fsm_0/FSM_sequential_state_reg[0]_1          |                                                                                                                                                           |                8 |             24 |         3.00 |
|  system_i/ADC/axis_red_pitaya_adc_0/inst/adc_clk | system_i/Voltage_Holder_0/inst/p_0_in                                                                                                                              |                                                                                                                                                           |               12 |             28 |         2.33 |
|  system_i/ADC/axis_red_pitaya_adc_0/inst/adc_clk |                                                                                                                                                                    | system_i/axis_red_pitaya_dac_0/inst/int_rst_reg_i_1_n_0                                                                                                   |                9 |             28 |         3.11 |
|  system_i/ADC/axis_red_pitaya_adc_0/inst/adc_clk | system_i/Input_Processing/scale_0/inst/lower_bound1[12]_i_2_n_0                                                                                                    | system_i/Input_Processing/scale_0/inst/lower_bound1[12]_i_1_n_0                                                                                           |                6 |             28 |         4.67 |
|  system_i/ADC/axis_red_pitaya_adc_0/inst/adc_clk | system_i/Selector_0/inst/S_valid[0]_i_1_n_0                                                                                                                        |                                                                                                                                                           |               11 |             29 |         2.64 |
|  system_i/ADC/axis_red_pitaya_adc_0/inst/adc_clk | system_i/Voltage_Holder_1/inst/p_0_in                                                                                                                              |                                                                                                                                                           |                6 |             29 |         4.83 |
|  system_i/ADC/axis_red_pitaya_adc_0/inst/adc_clk |                                                                                                                                                                    | system_i/GPIOs/axi_gpio_1/U0/AXI_LITE_IPIF_I/I_SLAVE_ATTACHMENT/SR[0]                                                                                     |                8 |             31 |         3.88 |
|  system_i/ADC/axis_red_pitaya_adc_0/inst/adc_clk |                                                                                                                                                                    | system_i/GPIOs/axi_gpio_5/U0/AXI_LITE_IPIF_I/I_SLAVE_ATTACHMENT/SR[0]                                                                                     |               10 |             31 |         3.10 |
|  system_i/ADC/axis_red_pitaya_adc_0/inst/adc_clk | system_i/PI_ctrl_0/inst/intLimMax                                                                                                                                  |                                                                                                                                                           |               10 |             32 |         3.20 |
|  system_i/ADC/axis_red_pitaya_adc_0/inst/adc_clk | system_i/PI_ctrl_0/inst/intLimMin                                                                                                                                  |                                                                                                                                                           |               10 |             32 |         3.20 |
|  system_i/ADC/axis_red_pitaya_adc_0/inst/adc_clk | system_i/GPIOs/axi_gpio_6/U0/AXI_LITE_IPIF_I/I_SLAVE_ATTACHMENT/I_DECODER/E[0]                                                                                     | system_i/GPIOs/axi_gpio_6/U0/AXI_LITE_IPIF_I/I_SLAVE_ATTACHMENT/SR[0]                                                                                     |                6 |             32 |         5.33 |
|  system_i/ADC/axis_red_pitaya_adc_0/inst/adc_clk |                                                                                                                                                                    | system_i/GPIOs/axi_gpio_7/U0/AXI_LITE_IPIF_I/I_SLAVE_ATTACHMENT/SR[0]                                                                                     |               10 |             32 |         3.20 |
|  system_i/ADC/axis_red_pitaya_adc_0/inst/adc_clk | system_i/GPIOs/axi_gpio_6/U0/AXI_LITE_IPIF_I/I_SLAVE_ATTACHMENT/s_axi_rresp_i                                                                                      | system_i/GPIOs/axi_gpio_6/U0/AXI_LITE_IPIF_I/I_SLAVE_ATTACHMENT/SR[0]                                                                                     |               10 |             32 |         3.20 |
|  system_i/ADC/axis_red_pitaya_adc_0/inst/adc_clk |                                                                                                                                                                    | system_i/GPIOs/axi_gpio_4/U0/gpio_core_1/Read_Reg_Rst__0                                                                                                  |                9 |             32 |         3.56 |
|  system_i/ADC/axis_red_pitaya_adc_0/inst/adc_clk |                                                                                                                                                                    | system_i/GPIOs/axi_gpio_6/U0/gpio_core_1/Read_Reg_Rst__0                                                                                                  |                8 |             32 |         4.00 |
|  system_i/ADC/axis_red_pitaya_adc_0/inst/adc_clk | system_i/GPIOs/axi_gpio_4/U0/AXI_LITE_IPIF_I/I_SLAVE_ATTACHMENT/s_axi_rresp_i                                                                                      | system_i/GPIOs/axi_gpio_4/U0/AXI_LITE_IPIF_I/I_SLAVE_ATTACHMENT/SR[0]                                                                                     |               11 |             32 |         2.91 |
|  system_i/ADC/axis_red_pitaya_adc_0/inst/adc_clk | system_i/GPIOs/axi_gpio_4/U0/AXI_LITE_IPIF_I/I_SLAVE_ATTACHMENT/I_DECODER/E[0]                                                                                     | system_i/GPIOs/axi_gpio_4/U0/AXI_LITE_IPIF_I/I_SLAVE_ATTACHMENT/SR[0]                                                                                     |                7 |             32 |         4.57 |
|  system_i/ADC/axis_red_pitaya_adc_0/inst/adc_clk |                                                                                                                                                                    | system_i/PI_ctrl_0/inst/intermediate_out2[63]_i_1_n_0                                                                                                     |               12 |             33 |         2.75 |
|  system_i/ADC/axis_red_pitaya_adc_0/inst/adc_clk |                                                                                                                                                                    | system_i/PI_ctrl_0/inst/intermediate_out1[63]_i_1_n_0                                                                                                     |                9 |             33 |         3.67 |
|  system_i/ADC/axis_red_pitaya_adc_0/inst/adc_clk | system_i/GPIOs/ps7_0_axi_periph/s00_couplers/auto_pc/inst/gen_axilite.gen_b2s_conv.axilite_b2s/RD.r_channel_0/rd_data_fifo_0/wr_en0                                |                                                                                                                                                           |               10 |             34 |         3.40 |
|  system_i/ADC/axis_red_pitaya_adc_0/inst/adc_clk | system_i/GPIOs/ps7_0_axi_periph/xbar/inst/gen_sasd.crossbar_sasd_0/addr_arbiter_inst/E[0]                                                                          |                                                                                                                                                           |                9 |             35 |         3.89 |
|  system_i/ADC/axis_red_pitaya_adc_0/inst/adc_clk |                                                                                                                                                                    | system_i/GPIOs/axi_gpio_4/U0/AXI_LITE_IPIF_I/I_SLAVE_ATTACHMENT/SR[0]                                                                                     |               15 |             47 |         3.13 |
|  system_i/ADC/axis_red_pitaya_adc_0/inst/adc_clk |                                                                                                                                                                    | system_i/GPIOs/axi_gpio_6/U0/AXI_LITE_IPIF_I/I_SLAVE_ATTACHMENT/SR[0]                                                                                     |               13 |             47 |         3.62 |
|  system_i/ADC/axis_red_pitaya_adc_0/inst/adc_clk | system_i/GPIOs/ps7_0_axi_periph/s00_couplers/auto_pc/inst/gen_axilite.gen_b2s_conv.axilite_b2s/SI_REG/r.r_pipe/p_1_in                                              |                                                                                                                                                           |                7 |             47 |         6.71 |
|  system_i/ADC/axis_red_pitaya_adc_0/inst/adc_clk | system_i/GPIOs/ps7_0_axi_periph/s00_couplers/auto_pc/inst/gen_axilite.gen_b2s_conv.axilite_b2s/SI_REG/r.r_pipe/s_ready_i_reg_0                                     |                                                                                                                                                           |                7 |             47 |         6.71 |
|  system_i/ADC/axis_red_pitaya_adc_0/inst/adc_clk | system_i/GPIOs/ps7_0_axi_periph/s00_couplers/auto_pc/inst/gen_axilite.gen_b2s_conv.axilite_b2s/RD.ar_channel_0/ar_cmd_fsm_0/m_valid_i_reg[0]                       |                                                                                                                                                           |               10 |             48 |         4.80 |
|  system_i/ADC/axis_red_pitaya_adc_0/inst/adc_clk | system_i/GPIOs/ps7_0_axi_periph/s00_couplers/auto_pc/inst/gen_axilite.gen_b2s_conv.axilite_b2s/SI_REG/aw.aw_pipe/s_ready_i_reg_0                                   |                                                                                                                                                           |               10 |             48 |         4.80 |
|  system_i/ADC/axis_red_pitaya_adc_0/inst/adc_clk | system_i/GPIOs/ps7_0_axi_periph/s00_couplers/auto_pc/inst/gen_axilite.gen_b2s_conv.axilite_b2s/WR.aw_channel_0/aw_cmd_fsm_0/E[0]                                   |                                                                                                                                                           |               10 |             48 |         4.80 |
|  system_i/ADC/axis_red_pitaya_adc_0/inst/adc_clk | system_i/GPIOs/ps7_0_axi_periph/s00_couplers/auto_pc/inst/gen_axilite.gen_b2s_conv.axilite_b2s/SI_REG/ar.ar_pipe/s_ready_i_reg_0                                   |                                                                                                                                                           |               10 |             48 |         4.80 |
|  system_i/ADC/axis_red_pitaya_adc_0/inst/adc_clk |                                                                                                                                                                    |                                                                                                                                                           |              156 |            490 |         3.14 |
+--------------------------------------------------+--------------------------------------------------------------------------------------------------------------------------------------------------------------------+-----------------------------------------------------------------------------------------------------------------------------------------------------------+------------------+----------------+--------------+


