
*** Running vivado
    with args -log system_scale_0_0.vds -m64 -product Vivado -mode batch -messageDb vivado.pb -notrace -source system_scale_0_0.tcl



****** Vivado v2022.1 (64-bit)
  **** SW Build 3526262 on Mon Apr 18 15:48:16 MDT 2022
  **** IP Build 3524634 on Mon Apr 18 20:55:01 MDT 2022
    ** Copyright 1986-2022 Xilinx, Inc. All Rights Reserved.

source system_scale_0_0.tcl -notrace
INFO: [IP_Flow 19-234] Refreshing IP repositories
INFO: [IP_Flow 19-1700] Loaded user IP repository 'c:/users/BenMillward/Desktop/Complete_setup/tmp/cores'.
INFO: [IP_Flow 19-2313] Loaded Vivado IP repository 'E:/FPGA_folder/Xilinix/Vivado/2022.1/data/ip'.
Command: synth_design -top system_scale_0_0 -part xc7z010clg400-1 -incremental_mode off -mode out_of_context
Starting synth_design
Attempting to get a license for feature 'Synthesis' and/or device 'xc7z010'
INFO: [Common 17-349] Got license for feature 'Synthesis' and/or device 'xc7z010'
INFO: [Device 21-403] Loading part xc7z010clg400-1
INFO: [Synth 8-7079] Multithreading enabled for synth_design using a maximum of 2 processes.
INFO: [Synth 8-7078] Launching helper process for spawning children vivado processes
INFO: [Synth 8-7075] Helper process launched with PID 20492
---------------------------------------------------------------------------------
Starting RTL Elaboration : Time (s): cpu = 00:00:06 ; elapsed = 00:00:07 . Memory (MB): peak = 1281.992 ; gain = 0.000
---------------------------------------------------------------------------------
INFO: [Synth 8-6157] synthesizing module 'system_scale_0_0' [c:/Users/BenMillward/Desktop/Complete_setup/tmp/CPU_PID/CPU_PID.gen/sources_1/bd/system/ip/system_scale_0_0/synth/system_scale_0_0.v:53]
INFO: [Synth 8-6157] synthesizing module 'scale' [C:/Users/BenMillward/Desktop/Complete_setup/tmp/CPU_PID/CPU_PID.srcs/sources_1/new/Scale.v:4]
INFO: [Synth 8-6155] done synthesizing module 'scale' (0#1) [C:/Users/BenMillward/Desktop/Complete_setup/tmp/CPU_PID/CPU_PID.srcs/sources_1/new/Scale.v:4]
INFO: [Synth 8-6155] done synthesizing module 'system_scale_0_0' (0#1) [c:/Users/BenMillward/Desktop/Complete_setup/tmp/CPU_PID/CPU_PID.gen/sources_1/bd/system/ip/system_scale_0_0/synth/system_scale_0_0.v:53]
WARNING: [Synth 8-7129] Port S_AXIS_tdata[31] in module scale is either unconnected or has no load
WARNING: [Synth 8-7129] Port S_AXIS_tdata[30] in module scale is either unconnected or has no load
WARNING: [Synth 8-7129] Port S_AXIS_tdata[15] in module scale is either unconnected or has no load
WARNING: [Synth 8-7129] Port S_AXIS_tdata[14] in module scale is either unconnected or has no load
WARNING: [Synth 8-7129] Port conf[30] in module scale is either unconnected or has no load
WARNING: [Synth 8-7129] Port conf[29] in module scale is either unconnected or has no load
WARNING: [Synth 8-7129] Port conf[28] in module scale is either unconnected or has no load
WARNING: [Synth 8-7129] Port conf[27] in module scale is either unconnected or has no load
WARNING: [Synth 8-7129] Port conf[26] in module scale is either unconnected or has no load
WARNING: [Synth 8-7129] Port conf[25] in module scale is either unconnected or has no load
WARNING: [Synth 8-7129] Port conf[24] in module scale is either unconnected or has no load
WARNING: [Synth 8-7129] Port conf[23] in module scale is either unconnected or has no load
WARNING: [Synth 8-7129] Port conf[22] in module scale is either unconnected or has no load
WARNING: [Synth 8-7129] Port conf[21] in module scale is either unconnected or has no load
WARNING: [Synth 8-7129] Port conf[20] in module scale is either unconnected or has no load
WARNING: [Synth 8-7129] Port conf[19] in module scale is either unconnected or has no load
WARNING: [Synth 8-7129] Port conf[18] in module scale is either unconnected or has no load
WARNING: [Synth 8-7129] Port conf[17] in module scale is either unconnected or has no load
---------------------------------------------------------------------------------
Finished RTL Elaboration : Time (s): cpu = 00:00:08 ; elapsed = 00:00:09 . Memory (MB): peak = 1281.992 ; gain = 0.000
---------------------------------------------------------------------------------
---------------------------------------------------------------------------------
Start Handling Custom Attributes
---------------------------------------------------------------------------------
---------------------------------------------------------------------------------
Finished Handling Custom Attributes : Time (s): cpu = 00:00:08 ; elapsed = 00:00:09 . Memory (MB): peak = 1281.992 ; gain = 0.000
---------------------------------------------------------------------------------
---------------------------------------------------------------------------------
Finished RTL Optimization Phase 1 : Time (s): cpu = 00:00:08 ; elapsed = 00:00:09 . Memory (MB): peak = 1281.992 ; gain = 0.000
---------------------------------------------------------------------------------
Netlist sorting complete. Time (s): cpu = 00:00:00 ; elapsed = 00:00:00.007 . Memory (MB): peak = 1281.992 ; gain = 0.000
INFO: [Project 1-570] Preparing netlist for logic optimization

Processing XDC Constraints
Initializing timing engine
Completed Processing XDC Constraints

Netlist sorting complete. Time (s): cpu = 00:00:00 ; elapsed = 00:00:00 . Memory (MB): peak = 1319.941 ; gain = 0.000
INFO: [Project 1-111] Unisim Transformation Summary:
No Unisim elements were transformed.

Constraint Validation Runtime : Time (s): cpu = 00:00:00 ; elapsed = 00:00:00.027 . Memory (MB): peak = 1319.953 ; gain = 0.012
INFO: [Designutils 20-5008] Incremental synthesis strategy off
---------------------------------------------------------------------------------
Finished Constraint Validation : Time (s): cpu = 00:00:17 ; elapsed = 00:00:19 . Memory (MB): peak = 1319.953 ; gain = 37.961
---------------------------------------------------------------------------------
---------------------------------------------------------------------------------
Start Loading Part and Timing Information
---------------------------------------------------------------------------------
Loading part: xc7z010clg400-1
---------------------------------------------------------------------------------
Finished Loading Part and Timing Information : Time (s): cpu = 00:00:17 ; elapsed = 00:00:19 . Memory (MB): peak = 1319.953 ; gain = 37.961
---------------------------------------------------------------------------------
---------------------------------------------------------------------------------
Start Applying 'set_property' XDC Constraints
---------------------------------------------------------------------------------
---------------------------------------------------------------------------------
Finished applying 'set_property' XDC Constraints : Time (s): cpu = 00:00:17 ; elapsed = 00:00:19 . Memory (MB): peak = 1319.953 ; gain = 37.961
---------------------------------------------------------------------------------
---------------------------------------------------------------------------------
Finished RTL Optimization Phase 2 : Time (s): cpu = 00:00:18 ; elapsed = 00:00:20 . Memory (MB): peak = 1319.953 ; gain = 37.961
---------------------------------------------------------------------------------
---------------------------------------------------------------------------------
Start RTL Component Statistics 
---------------------------------------------------------------------------------
Detailed RTL Component Info : 
+---Adders : 
	   2 Input   32 Bit       Adders := 2     
+---Registers : 
	               32 Bit    Registers := 6     
	               14 Bit    Registers := 4     
+---Multipliers : 
	              14x32  Multipliers := 2     
+---Muxes : 
	   2 Input   32 Bit        Muxes := 4     
	   2 Input   14 Bit        Muxes := 6     
	   2 Input    1 Bit        Muxes := 1     
---------------------------------------------------------------------------------
Finished RTL Component Statistics 
---------------------------------------------------------------------------------
---------------------------------------------------------------------------------
Start Part Resource Summary
---------------------------------------------------------------------------------
Part Resources:
DSPs: 80 (col length:40)
BRAMs: 120 (col length: RAMB18 40 RAMB36 20)
---------------------------------------------------------------------------------
Finished Part Resource Summary
---------------------------------------------------------------------------------
---------------------------------------------------------------------------------
Start Cross Boundary and Area Optimization
---------------------------------------------------------------------------------
WARNING: [Synth 8-7080] Parallel synthesis criteria is not met
DSP Report: Generating DSP inst/temp_out11, operation Mode is: A*B.
DSP Report: operator inst/temp_out11 is absorbed into DSP inst/temp_out11.
DSP Report: operator inst/temp_out11 is absorbed into DSP inst/temp_out11.
DSP Report: Generating DSP inst/temp_out11, operation Mode is: (PCIN>>17)+A*B.
DSP Report: operator inst/temp_out11 is absorbed into DSP inst/temp_out11.
DSP Report: operator inst/temp_out11 is absorbed into DSP inst/temp_out11.
DSP Report: Generating DSP inst/temp_out21, operation Mode is: A*B.
DSP Report: operator inst/temp_out21 is absorbed into DSP inst/temp_out21.
DSP Report: operator inst/temp_out21 is absorbed into DSP inst/temp_out21.
DSP Report: Generating DSP inst/temp_out21, operation Mode is: (PCIN>>17)+A*B.
DSP Report: operator inst/temp_out21 is absorbed into DSP inst/temp_out21.
DSP Report: operator inst/temp_out21 is absorbed into DSP inst/temp_out21.
INFO: [Synth 8-3917] design system_scale_0_0 has port S_AXIS_tready driven by constant 1
WARNING: [Synth 8-7129] Port S_AXIS_tdata[31] in module system_scale_0_0 is either unconnected or has no load
WARNING: [Synth 8-7129] Port S_AXIS_tdata[30] in module system_scale_0_0 is either unconnected or has no load
WARNING: [Synth 8-7129] Port S_AXIS_tdata[15] in module system_scale_0_0 is either unconnected or has no load
WARNING: [Synth 8-7129] Port S_AXIS_tdata[14] in module system_scale_0_0 is either unconnected or has no load
WARNING: [Synth 8-7129] Port conf[30] in module system_scale_0_0 is either unconnected or has no load
WARNING: [Synth 8-7129] Port conf[29] in module system_scale_0_0 is either unconnected or has no load
WARNING: [Synth 8-7129] Port conf[28] in module system_scale_0_0 is either unconnected or has no load
WARNING: [Synth 8-7129] Port conf[27] in module system_scale_0_0 is either unconnected or has no load
WARNING: [Synth 8-7129] Port conf[26] in module system_scale_0_0 is either unconnected or has no load
WARNING: [Synth 8-7129] Port conf[25] in module system_scale_0_0 is either unconnected or has no load
WARNING: [Synth 8-7129] Port conf[24] in module system_scale_0_0 is either unconnected or has no load
WARNING: [Synth 8-7129] Port conf[23] in module system_scale_0_0 is either unconnected or has no load
WARNING: [Synth 8-7129] Port conf[22] in module system_scale_0_0 is either unconnected or has no load
WARNING: [Synth 8-7129] Port conf[21] in module system_scale_0_0 is either unconnected or has no load
WARNING: [Synth 8-7129] Port conf[20] in module system_scale_0_0 is either unconnected or has no load
WARNING: [Synth 8-7129] Port conf[19] in module system_scale_0_0 is either unconnected or has no load
WARNING: [Synth 8-7129] Port conf[18] in module system_scale_0_0 is either unconnected or has no load
WARNING: [Synth 8-7129] Port conf[17] in module system_scale_0_0 is either unconnected or has no load
---------------------------------------------------------------------------------
Finished Cross Boundary and Area Optimization : Time (s): cpu = 00:00:20 ; elapsed = 00:00:23 . Memory (MB): peak = 1319.953 ; gain = 37.961
---------------------------------------------------------------------------------
---------------------------------------------------------------------------------
Start ROM, RAM, DSP, Shift Register and Retiming Reporting
---------------------------------------------------------------------------------

DSP: Preliminary Mapping Report (see note below. The ' indicates corresponding REG is set)
+-----------------+----------------+--------+--------+--------+--------+--------+------+------+------+------+-------+------+------+
|Module Name      | DSP Mapping    | A Size | B Size | C Size | D Size | P Size | AREG | BREG | CREG | DREG | ADREG | MREG | PREG | 
+-----------------+----------------+--------+--------+--------+--------+--------+------+------+------+------+-------+------+------+
|system_scale_0_0 | A*B            | 18     | 14     | -      | -      | 48     | 0    | 0    | -    | -    | -     | 0    | 0    | 
|system_scale_0_0 | (PCIN>>17)+A*B | 15     | 14     | -      | -      | 48     | 0    | 0    | -    | -    | -     | 0    | 0    | 
|system_scale_0_0 | A*B            | 18     | 14     | -      | -      | 48     | 0    | 0    | -    | -    | -     | 0    | 0    | 
|system_scale_0_0 | (PCIN>>17)+A*B | 15     | 14     | -      | -      | 48     | 0    | 0    | -    | -    | -     | 0    | 0    | 
+-----------------+----------------+--------+--------+--------+--------+--------+------+------+------+------+-------+------+------+

Note: The table above is a preliminary report that shows the DSPs inferred at the current stage of the synthesis flow. Some DSP may be reimplemented as non DSP primitives later in the synthesis flow. Multiple instantiated DSPs are reported only once.
---------------------------------------------------------------------------------
Finished ROM, RAM, DSP, Shift Register and Retiming Reporting
---------------------------------------------------------------------------------
---------------------------------------------------------------------------------
Start Applying XDC Timing Constraints
---------------------------------------------------------------------------------
---------------------------------------------------------------------------------
Finished Applying XDC Timing Constraints : Time (s): cpu = 00:00:31 ; elapsed = 00:00:35 . Memory (MB): peak = 1319.953 ; gain = 37.961
---------------------------------------------------------------------------------
---------------------------------------------------------------------------------
Start Timing Optimization
---------------------------------------------------------------------------------
---------------------------------------------------------------------------------
Finished Timing Optimization : Time (s): cpu = 00:00:32 ; elapsed = 00:00:35 . Memory (MB): peak = 1319.953 ; gain = 37.961
---------------------------------------------------------------------------------
---------------------------------------------------------------------------------
Start Technology Mapping
---------------------------------------------------------------------------------
---------------------------------------------------------------------------------
Finished Technology Mapping : Time (s): cpu = 00:00:32 ; elapsed = 00:00:35 . Memory (MB): peak = 1324.324 ; gain = 42.332
---------------------------------------------------------------------------------
---------------------------------------------------------------------------------
Start IO Insertion
---------------------------------------------------------------------------------
---------------------------------------------------------------------------------
Start Flattening Before IO Insertion
---------------------------------------------------------------------------------
---------------------------------------------------------------------------------
Finished Flattening Before IO Insertion
---------------------------------------------------------------------------------
---------------------------------------------------------------------------------
Start Final Netlist Cleanup
---------------------------------------------------------------------------------
---------------------------------------------------------------------------------
Finished Final Netlist Cleanup
---------------------------------------------------------------------------------
---------------------------------------------------------------------------------
Finished IO Insertion : Time (s): cpu = 00:00:38 ; elapsed = 00:00:42 . Memory (MB): peak = 1324.324 ; gain = 42.332
---------------------------------------------------------------------------------
---------------------------------------------------------------------------------
Start Renaming Generated Instances
---------------------------------------------------------------------------------
---------------------------------------------------------------------------------
Finished Renaming Generated Instances : Time (s): cpu = 00:00:38 ; elapsed = 00:00:42 . Memory (MB): peak = 1324.324 ; gain = 42.332
---------------------------------------------------------------------------------
---------------------------------------------------------------------------------
Start Rebuilding User Hierarchy
---------------------------------------------------------------------------------
---------------------------------------------------------------------------------
Finished Rebuilding User Hierarchy : Time (s): cpu = 00:00:38 ; elapsed = 00:00:42 . Memory (MB): peak = 1324.324 ; gain = 42.332
---------------------------------------------------------------------------------
---------------------------------------------------------------------------------
Start Renaming Generated Ports
---------------------------------------------------------------------------------
---------------------------------------------------------------------------------
Finished Renaming Generated Ports : Time (s): cpu = 00:00:38 ; elapsed = 00:00:42 . Memory (MB): peak = 1324.324 ; gain = 42.332
---------------------------------------------------------------------------------
---------------------------------------------------------------------------------
Start Handling Custom Attributes
---------------------------------------------------------------------------------
---------------------------------------------------------------------------------
Finished Handling Custom Attributes : Time (s): cpu = 00:00:38 ; elapsed = 00:00:42 . Memory (MB): peak = 1324.324 ; gain = 42.332
---------------------------------------------------------------------------------
---------------------------------------------------------------------------------
Start Renaming Generated Nets
---------------------------------------------------------------------------------
---------------------------------------------------------------------------------
Finished Renaming Generated Nets : Time (s): cpu = 00:00:38 ; elapsed = 00:00:42 . Memory (MB): peak = 1324.324 ; gain = 42.332
---------------------------------------------------------------------------------
---------------------------------------------------------------------------------
Start Writing Synthesis Report
---------------------------------------------------------------------------------

DSP Final Report (the ' indicates corresponding REG is set)
+-----------------+---------------+--------+--------+--------+--------+--------+------+------+------+------+-------+------+------+
|Module Name      | DSP Mapping   | A Size | B Size | C Size | D Size | P Size | AREG | BREG | CREG | DREG | ADREG | MREG | PREG | 
+-----------------+---------------+--------+--------+--------+--------+--------+------+------+------+------+-------+------+------+
|system_scale_0_0 | A*B           | 17     | 18     | -      | -      | 48     | 0    | 0    | -    | -    | -     | 0    | 0    | 
|system_scale_0_0 | PCIN>>17+A'*B | 30     | 18     | -      | -      | 48     | 1    | 0    | -    | -    | -     | 0    | 0    | 
|system_scale_0_0 | A*B           | 17     | 18     | -      | -      | 48     | 0    | 0    | -    | -    | -     | 0    | 0    | 
|system_scale_0_0 | PCIN>>17+A'*B | 30     | 18     | -      | -      | 48     | 1    | 0    | -    | -    | -     | 0    | 0    | 
+-----------------+---------------+--------+--------+--------+--------+--------+------+------+------+------+-------+------+------+


Report BlackBoxes: 
+-+--------------+----------+
| |BlackBox name |Instances |
+-+--------------+----------+
+-+--------------+----------+

Report Cell Usage: 
+------+--------+------+
|      |Cell    |Count |
+------+--------+------+
|1     |CARRY4  |    28|
|2     |DSP48E1 |     4|
|4     |LUT1    |     3|
|5     |LUT2    |   117|
|6     |LUT3    |    61|
|7     |LUT4    |    56|
|8     |LUT5    |    28|
|9     |FDRE    |   108|
|10    |FDSE    |    32|
+------+--------+------+
---------------------------------------------------------------------------------
Finished Writing Synthesis Report : Time (s): cpu = 00:00:38 ; elapsed = 00:00:42 . Memory (MB): peak = 1324.324 ; gain = 42.332
---------------------------------------------------------------------------------
Synthesis finished with 0 errors, 0 critical warnings and 19 warnings.
Synthesis Optimization Runtime : Time (s): cpu = 00:00:28 ; elapsed = 00:00:40 . Memory (MB): peak = 1324.324 ; gain = 4.371
Synthesis Optimization Complete : Time (s): cpu = 00:00:38 ; elapsed = 00:00:42 . Memory (MB): peak = 1324.324 ; gain = 42.332
INFO: [Project 1-571] Translating synthesized netlist
Netlist sorting complete. Time (s): cpu = 00:00:00 ; elapsed = 00:00:00.007 . Memory (MB): peak = 1334.645 ; gain = 0.000
INFO: [Netlist 29-17] Analyzing 32 Unisim elements for replacement
INFO: [Netlist 29-28] Unisim Transformation completed in 0 CPU seconds
INFO: [Project 1-570] Preparing netlist for logic optimization
INFO: [Opt 31-138] Pushed 0 inverter(s) to 0 load pin(s).
Netlist sorting complete. Time (s): cpu = 00:00:00 ; elapsed = 00:00:00 . Memory (MB): peak = 1338.281 ; gain = 0.000
INFO: [Project 1-111] Unisim Transformation Summary:
No Unisim elements were transformed.

Synth Design complete, checksum: 88848d32
INFO: [Common 17-83] Releasing license: Synthesis
23 Infos, 37 Warnings, 0 Critical Warnings and 0 Errors encountered.
synth_design completed successfully
synth_design: Time (s): cpu = 00:00:44 ; elapsed = 00:00:50 . Memory (MB): peak = 1338.281 ; gain = 56.289
INFO: [Common 17-1381] The checkpoint 'C:/Users/BenMillward/Desktop/Complete_setup/tmp/CPU_PID/CPU_PID.runs/system_scale_0_0_synth_1/system_scale_0_0.dcp' has been generated.
INFO: [Coretcl 2-1648] Added synthesis output to IP cache for IP system_scale_0_0, cache-ID = c4df8b3167901890
INFO: [Common 17-1381] The checkpoint 'C:/Users/BenMillward/Desktop/Complete_setup/tmp/CPU_PID/CPU_PID.runs/system_scale_0_0_synth_1/system_scale_0_0.dcp' has been generated.
INFO: [runtcl-4] Executing : report_utilization -file system_scale_0_0_utilization_synth.rpt -pb system_scale_0_0_utilization_synth.pb
INFO: [Common 17-206] Exiting Vivado at Fri Aug 18 17:11:48 2023...
