
*** Running vivado
    with args -log system_Scan_0_1.vds -m64 -product Vivado -mode batch -messageDb vivado.pb -notrace -source system_Scan_0_1.tcl



****** Vivado v2022.1 (64-bit)
  **** SW Build 3526262 on Mon Apr 18 15:48:16 MDT 2022
  **** IP Build 3524634 on Mon Apr 18 20:55:01 MDT 2022
    ** Copyright 1986-2022 Xilinx, Inc. All Rights Reserved.

source system_Scan_0_1.tcl -notrace
INFO: [IP_Flow 19-234] Refreshing IP repositories
INFO: [IP_Flow 19-1700] Loaded user IP repository 'c:/users/BenMillward/Desktop/Complete_setup/tmp/cores'.
INFO: [IP_Flow 19-2313] Loaded Vivado IP repository 'E:/FPGA_folder/Xilinix/Vivado/2022.1/data/ip'.
WARNING: [IP_Flow 19-4995] The host OS only allows 260 characters in a normal path. The IP cache path is more than 80 characters. If you experience issues with IP caching, please consider changing the IP cache to a location with a shorter path. Alternately consider using the OS subst command to map part of the path to a drive letter. 
Current IP cache path is c:/Users/BenMillward/Desktop/Complete_setup/tmp/PID_HOLD_VOLTS/PID_HOLD_VOLTS.cache/ip 
Command: synth_design -top system_Scan_0_1 -part xc7z010clg400-1 -incremental_mode off -mode out_of_context
Starting synth_design
Attempting to get a license for feature 'Synthesis' and/or device 'xc7z010'
INFO: [Common 17-349] Got license for feature 'Synthesis' and/or device 'xc7z010'
INFO: [Device 21-403] Loading part xc7z010clg400-1
INFO: [Synth 8-7079] Multithreading enabled for synth_design using a maximum of 2 processes.
INFO: [Synth 8-7078] Launching helper process for spawning children vivado processes
INFO: [Synth 8-7075] Helper process launched with PID 16724
---------------------------------------------------------------------------------
Starting RTL Elaboration : Time (s): cpu = 00:00:06 ; elapsed = 00:00:06 . Memory (MB): peak = 1282.270 ; gain = 0.000
---------------------------------------------------------------------------------
INFO: [Synth 8-6157] synthesizing module 'system_Scan_0_1' [c:/Users/BenMillward/Desktop/Complete_setup/tmp/PID_HOLD_VOLTS/PID_HOLD_VOLTS.gen/sources_1/bd/system/ip/system_Scan_0_1/synth/system_Scan_0_1.v:53]
INFO: [Synth 8-6157] synthesizing module 'Scan' [C:/Users/BenMillward/Desktop/Complete_setup/tmp/PID_HOLD_VOLTS/PID_HOLD_VOLTS.srcs/sources_1/new/Scan.v:3]
INFO: [Synth 8-6155] done synthesizing module 'Scan' (0#1) [C:/Users/BenMillward/Desktop/Complete_setup/tmp/PID_HOLD_VOLTS/PID_HOLD_VOLTS.srcs/sources_1/new/Scan.v:3]
INFO: [Synth 8-6155] done synthesizing module 'system_Scan_0_1' (0#1) [c:/Users/BenMillward/Desktop/Complete_setup/tmp/PID_HOLD_VOLTS/PID_HOLD_VOLTS.gen/sources_1/bd/system/ip/system_Scan_0_1/synth/system_Scan_0_1.v:53]
WARNING: [Synth 8-7129] Port S_AXIS_tdata[31] in module Scan is either unconnected or has no load
WARNING: [Synth 8-7129] Port S_AXIS_tdata[30] in module Scan is either unconnected or has no load
WARNING: [Synth 8-7129] Port S_AXIS_tdata[29] in module Scan is either unconnected or has no load
WARNING: [Synth 8-7129] Port S_AXIS_tdata[28] in module Scan is either unconnected or has no load
WARNING: [Synth 8-7129] Port S_AXIS_tdata[27] in module Scan is either unconnected or has no load
WARNING: [Synth 8-7129] Port S_AXIS_tdata[26] in module Scan is either unconnected or has no load
WARNING: [Synth 8-7129] Port S_AXIS_tdata[25] in module Scan is either unconnected or has no load
WARNING: [Synth 8-7129] Port S_AXIS_tdata[24] in module Scan is either unconnected or has no load
WARNING: [Synth 8-7129] Port S_AXIS_tdata[23] in module Scan is either unconnected or has no load
WARNING: [Synth 8-7129] Port S_AXIS_tdata[22] in module Scan is either unconnected or has no load
WARNING: [Synth 8-7129] Port S_AXIS_tdata[21] in module Scan is either unconnected or has no load
WARNING: [Synth 8-7129] Port S_AXIS_tdata[20] in module Scan is either unconnected or has no load
WARNING: [Synth 8-7129] Port S_AXIS_tdata[19] in module Scan is either unconnected or has no load
WARNING: [Synth 8-7129] Port S_AXIS_tdata[18] in module Scan is either unconnected or has no load
WARNING: [Synth 8-7129] Port S_AXIS_tdata[17] in module Scan is either unconnected or has no load
WARNING: [Synth 8-7129] Port S_AXIS_tdata[16] in module Scan is either unconnected or has no load
WARNING: [Synth 8-7129] Port S_AXIS_tdata[15] in module Scan is either unconnected or has no load
WARNING: [Synth 8-7129] Port S_AXIS_tdata[14] in module Scan is either unconnected or has no load
WARNING: [Synth 8-7129] Port S_AXIS_tvalid in module Scan is either unconnected or has no load
---------------------------------------------------------------------------------
Finished RTL Elaboration : Time (s): cpu = 00:00:08 ; elapsed = 00:00:08 . Memory (MB): peak = 1282.270 ; gain = 0.000
---------------------------------------------------------------------------------
---------------------------------------------------------------------------------
Start Handling Custom Attributes
---------------------------------------------------------------------------------
---------------------------------------------------------------------------------
Finished Handling Custom Attributes : Time (s): cpu = 00:00:08 ; elapsed = 00:00:09 . Memory (MB): peak = 1282.270 ; gain = 0.000
---------------------------------------------------------------------------------
---------------------------------------------------------------------------------
Finished RTL Optimization Phase 1 : Time (s): cpu = 00:00:08 ; elapsed = 00:00:09 . Memory (MB): peak = 1282.270 ; gain = 0.000
---------------------------------------------------------------------------------
Netlist sorting complete. Time (s): cpu = 00:00:00 ; elapsed = 00:00:00.002 . Memory (MB): peak = 1282.270 ; gain = 0.000
INFO: [Project 1-570] Preparing netlist for logic optimization

Processing XDC Constraints
Initializing timing engine
Completed Processing XDC Constraints

Netlist sorting complete. Time (s): cpu = 00:00:00 ; elapsed = 00:00:00 . Memory (MB): peak = 1294.957 ; gain = 0.000
INFO: [Project 1-111] Unisim Transformation Summary:
No Unisim elements were transformed.

Constraint Validation Runtime : Time (s): cpu = 00:00:00 ; elapsed = 00:00:00.018 . Memory (MB): peak = 1294.969 ; gain = 0.012
INFO: [Designutils 20-5008] Incremental synthesis strategy off
---------------------------------------------------------------------------------
Finished Constraint Validation : Time (s): cpu = 00:00:17 ; elapsed = 00:00:17 . Memory (MB): peak = 1294.969 ; gain = 12.699
---------------------------------------------------------------------------------
---------------------------------------------------------------------------------
Start Loading Part and Timing Information
---------------------------------------------------------------------------------
Loading part: xc7z010clg400-1
---------------------------------------------------------------------------------
Finished Loading Part and Timing Information : Time (s): cpu = 00:00:17 ; elapsed = 00:00:17 . Memory (MB): peak = 1294.969 ; gain = 12.699
---------------------------------------------------------------------------------
---------------------------------------------------------------------------------
Start Applying 'set_property' XDC Constraints
---------------------------------------------------------------------------------
---------------------------------------------------------------------------------
Finished applying 'set_property' XDC Constraints : Time (s): cpu = 00:00:17 ; elapsed = 00:00:17 . Memory (MB): peak = 1294.969 ; gain = 12.699
---------------------------------------------------------------------------------
---------------------------------------------------------------------------------
Finished RTL Optimization Phase 2 : Time (s): cpu = 00:00:17 ; elapsed = 00:00:18 . Memory (MB): peak = 1294.969 ; gain = 12.699
---------------------------------------------------------------------------------
---------------------------------------------------------------------------------
Start RTL Component Statistics 
---------------------------------------------------------------------------------
Detailed RTL Component Info : 
+---Adders : 
	   3 Input   17 Bit       Adders := 2     
	   3 Input   16 Bit       Adders := 2     
	   2 Input   16 Bit       Adders := 3     
+---Registers : 
	               16 Bit    Registers := 2     
	                1 Bit    Registers := 2     
+---Muxes : 
	   2 Input    1 Bit        Muxes := 1     
---------------------------------------------------------------------------------
Finished RTL Component Statistics 
---------------------------------------------------------------------------------
---------------------------------------------------------------------------------
Start Part Resource Summary
---------------------------------------------------------------------------------
Part Resources:
DSPs: 80 (col length:40)
BRAMs: 120 (col length: RAMB18 40 RAMB36 20)
---------------------------------------------------------------------------------
Finished Part Resource Summary
---------------------------------------------------------------------------------
---------------------------------------------------------------------------------
Start Cross Boundary and Area Optimization
---------------------------------------------------------------------------------
WARNING: [Synth 8-7080] Parallel synthesis criteria is not met
INFO: [Synth 8-3917] design system_Scan_0_1 has port S_AXIS_tready driven by constant 1
WARNING: [Synth 8-7129] Port S_AXIS_tdata[31] in module system_Scan_0_1 is either unconnected or has no load
WARNING: [Synth 8-7129] Port S_AXIS_tdata[30] in module system_Scan_0_1 is either unconnected or has no load
WARNING: [Synth 8-7129] Port S_AXIS_tdata[29] in module system_Scan_0_1 is either unconnected or has no load
WARNING: [Synth 8-7129] Port S_AXIS_tdata[28] in module system_Scan_0_1 is either unconnected or has no load
WARNING: [Synth 8-7129] Port S_AXIS_tdata[27] in module system_Scan_0_1 is either unconnected or has no load
WARNING: [Synth 8-7129] Port S_AXIS_tdata[26] in module system_Scan_0_1 is either unconnected or has no load
WARNING: [Synth 8-7129] Port S_AXIS_tdata[25] in module system_Scan_0_1 is either unconnected or has no load
WARNING: [Synth 8-7129] Port S_AXIS_tdata[24] in module system_Scan_0_1 is either unconnected or has no load
WARNING: [Synth 8-7129] Port S_AXIS_tdata[23] in module system_Scan_0_1 is either unconnected or has no load
WARNING: [Synth 8-7129] Port S_AXIS_tdata[22] in module system_Scan_0_1 is either unconnected or has no load
WARNING: [Synth 8-7129] Port S_AXIS_tdata[21] in module system_Scan_0_1 is either unconnected or has no load
WARNING: [Synth 8-7129] Port S_AXIS_tdata[20] in module system_Scan_0_1 is either unconnected or has no load
WARNING: [Synth 8-7129] Port S_AXIS_tdata[19] in module system_Scan_0_1 is either unconnected or has no load
WARNING: [Synth 8-7129] Port S_AXIS_tdata[18] in module system_Scan_0_1 is either unconnected or has no load
WARNING: [Synth 8-7129] Port S_AXIS_tdata[17] in module system_Scan_0_1 is either unconnected or has no load
WARNING: [Synth 8-7129] Port S_AXIS_tdata[16] in module system_Scan_0_1 is either unconnected or has no load
WARNING: [Synth 8-7129] Port S_AXIS_tdata[15] in module system_Scan_0_1 is either unconnected or has no load
WARNING: [Synth 8-7129] Port S_AXIS_tdata[14] in module system_Scan_0_1 is either unconnected or has no load
WARNING: [Synth 8-7129] Port S_AXIS_tvalid in module system_Scan_0_1 is either unconnected or has no load
---------------------------------------------------------------------------------
Finished Cross Boundary and Area Optimization : Time (s): cpu = 00:00:19 ; elapsed = 00:00:20 . Memory (MB): peak = 1294.969 ; gain = 12.699
---------------------------------------------------------------------------------
---------------------------------------------------------------------------------
Start Applying XDC Timing Constraints
---------------------------------------------------------------------------------
---------------------------------------------------------------------------------
Finished Applying XDC Timing Constraints : Time (s): cpu = 00:00:26 ; elapsed = 00:00:27 . Memory (MB): peak = 1294.969 ; gain = 12.699
---------------------------------------------------------------------------------
---------------------------------------------------------------------------------
Start Timing Optimization
---------------------------------------------------------------------------------
---------------------------------------------------------------------------------
Finished Timing Optimization : Time (s): cpu = 00:00:26 ; elapsed = 00:00:27 . Memory (MB): peak = 1294.969 ; gain = 12.699
---------------------------------------------------------------------------------
---------------------------------------------------------------------------------
Start Technology Mapping
---------------------------------------------------------------------------------
---------------------------------------------------------------------------------
Finished Technology Mapping : Time (s): cpu = 00:00:26 ; elapsed = 00:00:27 . Memory (MB): peak = 1294.969 ; gain = 12.699
---------------------------------------------------------------------------------
---------------------------------------------------------------------------------
Start IO Insertion
---------------------------------------------------------------------------------
---------------------------------------------------------------------------------
Start Flattening Before IO Insertion
---------------------------------------------------------------------------------
---------------------------------------------------------------------------------
Finished Flattening Before IO Insertion
---------------------------------------------------------------------------------
---------------------------------------------------------------------------------
Start Final Netlist Cleanup
---------------------------------------------------------------------------------
---------------------------------------------------------------------------------
Finished Final Netlist Cleanup
---------------------------------------------------------------------------------
---------------------------------------------------------------------------------
Finished IO Insertion : Time (s): cpu = 00:00:32 ; elapsed = 00:00:33 . Memory (MB): peak = 1294.969 ; gain = 12.699
---------------------------------------------------------------------------------
---------------------------------------------------------------------------------
Start Renaming Generated Instances
---------------------------------------------------------------------------------
---------------------------------------------------------------------------------
Finished Renaming Generated Instances : Time (s): cpu = 00:00:32 ; elapsed = 00:00:33 . Memory (MB): peak = 1294.969 ; gain = 12.699
---------------------------------------------------------------------------------
---------------------------------------------------------------------------------
Start Rebuilding User Hierarchy
---------------------------------------------------------------------------------
---------------------------------------------------------------------------------
Finished Rebuilding User Hierarchy : Time (s): cpu = 00:00:32 ; elapsed = 00:00:33 . Memory (MB): peak = 1294.969 ; gain = 12.699
---------------------------------------------------------------------------------
---------------------------------------------------------------------------------
Start Renaming Generated Ports
---------------------------------------------------------------------------------
---------------------------------------------------------------------------------
Finished Renaming Generated Ports : Time (s): cpu = 00:00:32 ; elapsed = 00:00:33 . Memory (MB): peak = 1294.969 ; gain = 12.699
---------------------------------------------------------------------------------
---------------------------------------------------------------------------------
Start Handling Custom Attributes
---------------------------------------------------------------------------------
---------------------------------------------------------------------------------
Finished Handling Custom Attributes : Time (s): cpu = 00:00:32 ; elapsed = 00:00:33 . Memory (MB): peak = 1294.969 ; gain = 12.699
---------------------------------------------------------------------------------
---------------------------------------------------------------------------------
Start Renaming Generated Nets
---------------------------------------------------------------------------------
---------------------------------------------------------------------------------
Finished Renaming Generated Nets : Time (s): cpu = 00:00:32 ; elapsed = 00:00:33 . Memory (MB): peak = 1294.969 ; gain = 12.699
---------------------------------------------------------------------------------
---------------------------------------------------------------------------------
Start Writing Synthesis Report
---------------------------------------------------------------------------------

Report BlackBoxes: 
+-+--------------+----------+
| |BlackBox name |Instances |
+-+--------------+----------+
+-+--------------+----------+

Report Cell Usage: 
+------+-------+------+
|      |Cell   |Count |
+------+-------+------+
|1     |CARRY4 |    34|
|2     |LUT1   |     2|
|3     |LUT2   |   116|
|4     |LUT3   |     2|
|5     |LUT4   |    42|
|6     |LUT5   |     1|
|7     |LUT6   |     1|
|8     |FDRE   |    15|
|9     |FDSE   |    15|
+------+-------+------+
---------------------------------------------------------------------------------
Finished Writing Synthesis Report : Time (s): cpu = 00:00:32 ; elapsed = 00:00:33 . Memory (MB): peak = 1294.969 ; gain = 12.699
---------------------------------------------------------------------------------
Synthesis finished with 0 errors, 0 critical warnings and 20 warnings.
Synthesis Optimization Runtime : Time (s): cpu = 00:00:22 ; elapsed = 00:00:31 . Memory (MB): peak = 1294.969 ; gain = 0.000
Synthesis Optimization Complete : Time (s): cpu = 00:00:32 ; elapsed = 00:00:33 . Memory (MB): peak = 1294.969 ; gain = 12.699
INFO: [Project 1-571] Translating synthesized netlist
Netlist sorting complete. Time (s): cpu = 00:00:00 ; elapsed = 00:00:00.004 . Memory (MB): peak = 1294.969 ; gain = 0.000
INFO: [Netlist 29-17] Analyzing 34 Unisim elements for replacement
INFO: [Netlist 29-28] Unisim Transformation completed in 0 CPU seconds
INFO: [Project 1-570] Preparing netlist for logic optimization
INFO: [Opt 31-138] Pushed 0 inverter(s) to 0 load pin(s).
Netlist sorting complete. Time (s): cpu = 00:00:00 ; elapsed = 00:00:00.001 . Memory (MB): peak = 1294.969 ; gain = 0.000
INFO: [Project 1-111] Unisim Transformation Summary:
No Unisim elements were transformed.

Synth Design complete, checksum: 48313451
INFO: [Common 17-83] Releasing license: Synthesis
23 Infos, 40 Warnings, 0 Critical Warnings and 0 Errors encountered.
synth_design completed successfully
synth_design: Time (s): cpu = 00:00:37 ; elapsed = 00:00:40 . Memory (MB): peak = 1294.969 ; gain = 12.699
INFO: [Common 17-1381] The checkpoint 'C:/Users/BenMillward/Desktop/Complete_setup/tmp/PID_HOLD_VOLTS/PID_HOLD_VOLTS.runs/system_Scan_0_1_synth_1/system_Scan_0_1.dcp' has been generated.
INFO: [Coretcl 2-1648] Added synthesis output to IP cache for IP system_Scan_0_1, cache-ID = abfd9513f35456b4
INFO: [Common 17-1381] The checkpoint 'C:/Users/BenMillward/Desktop/Complete_setup/tmp/PID_HOLD_VOLTS/PID_HOLD_VOLTS.runs/system_Scan_0_1_synth_1/system_Scan_0_1.dcp' has been generated.
INFO: [runtcl-4] Executing : report_utilization -file system_Scan_0_1_utilization_synth.rpt -pb system_Scan_0_1_utilization_synth.pb
INFO: [Common 17-206] Exiting Vivado at Mon Aug 21 11:39:55 2023...
